    OpenRGB v0.7
    Commit:  from 
    Launched: 20220629_003427
====================================================================================================

1001  |Info:    Saving detector settings
1001  |Info:    ------------------------------------------------------
1001  |Info:    |               Start device detection               |
1001  |Info:    ------------------------------------------------------
1001  |Info:    Initializing HID interfaces: Success
1006  |Info:    ------------------------------------------------------
1006  |Info:    |             Detecting I2C interfaces               |
1006  |Info:    ------------------------------------------------------
1006  |Info:    Registering I2C interface: /dev/i2c-3 Device 10DE:1B06 Subsystem: 10DE:120F
1007  |Info:    Registering I2C interface: /dev/i2c-8 Device 1022:790B Subsystem: 1043:87C0
1007  |Info:    Registering I2C interface: /dev/i2c-4 Device 10DE:1B06 Subsystem: 10DE:120F
1007  |Info:    Registering I2C interface: /dev/i2c-0 Device 10DE:1B06 Subsystem: 10DE:120F
1007  |Info:    Registering I2C interface: /dev/i2c-5 Device 10DE:1B06 Subsystem: 10DE:120F
1007  |Info:    ------------------------------------------------------
1007  |Info:    |               Detecting I2C devices                |
1007  |Info:    ------------------------------------------------------
1069  |Info:    Loading plugins
1205  |Info:    ------------------------------------------------------
1205  |Info:    |               Detecting HID devices                |
1205  |Info:    ------------------------------------------------------
1205  |Info:    [ASUS Aura Motherboard] is not initialized
1205  |Info:    [Razer Viper Ultimate (Wireless)] is not initialized
1205  |Info:    [Razer Mouse Dock Chroma] is not initialized
1205  |Info:    ------------------------------------------------------
1205  |Info:    |              Detecting other devices               |
1205  |Info:    ------------------------------------------------------
1210  |Info:    ------------------------------------------------------
1210  |Info:    |                Detection completed                 |
1210  |Info:    ------------------------------------------------------
1210  |Dialog:  <h2>WARNING:</h2><p>One or more I2C/SMBus interfaces failed to initialize.</p><p>RGB DRAM modules and some motherboards' onboard RGB lighting will not be available without I2C/SMBus.</p><p>On Linux, this is usually because the i2c-dev module is not loaded.  You must load the i2c-dev module along with the correct i2c driver for your motherboard.  This is usually i2c-piix4 for AMD systems and i2c-i801 for Intel systems.</p><p>See <a href='https://help.openrgb.org/'>help.openrgb.org</a> for additional troubleshooting steps if you keep seeing this message.<br></p>
