    OpenRGB v0.7
    Commit:  from 
    Launched: 20220629_012929
====================================================================================================

1001  |Info:    ------------------------------------------------------
1001  |Info:    |               Start device detection               |
1001  |Info:    ------------------------------------------------------
1001  |Info:    Initializing HID interfaces: Success
1006  |Info:    ------------------------------------------------------
1006  |Info:    |             Detecting I2C interfaces               |
1006  |Info:    ------------------------------------------------------
1006  |Info:    Registering I2C interface: /dev/i2c-3 Device 10DE:1B06 Subsystem: 10DE:120F
1006  |Info:    Registering I2C interface: /dev/i2c-1 Device 10DE:1B06 Subsystem: 10DE:120F
1006  |Info:    Registering I2C interface: /dev/i2c-8 Device 1022:790B Subsystem: 1043:87C0
1006  |Info:    Registering I2C interface: /dev/i2c-6 Device 1022:790B Subsystem: 1043:87C0
1006  |Info:    Registering I2C interface: /dev/i2c-4 Device 10DE:1B06 Subsystem: 10DE:120F
1006  |Info:    Registering I2C interface: /dev/i2c-2 Device 10DE:1B06 Subsystem: 10DE:120F
1006  |Info:    Registering I2C interface: /dev/i2c-0 Device 10DE:1B06 Subsystem: 10DE:120F
1006  |Info:    Registering I2C interface: /dev/i2c-7 Device 1022:790B Subsystem: 1043:87C0
1006  |Info:    Registering I2C interface: /dev/i2c-5 Device 10DE:1B06 Subsystem: 10DE:120F
1006  |Info:    ------------------------------------------------------
1006  |Info:    |               Detecting I2C devices                |
1006  |Info:    ------------------------------------------------------
1067  |Info:    Loading plugins
1209  |Info:    [ENE DRAM] Registering RGB controller
1343  |Info:    [ENE DRAM] Registering RGB controller
1950  |Info:    ------------------------------------------------------
1950  |Info:    |               Detecting HID devices                |
1950  |Info:    ------------------------------------------------------
2026  |Info:    [ASUS ROG CROSSHAIR VIII IMPACT] Registering RGB controller
2038  |Info:    [Razer Viper Ultimate (Wireless)] Registering RGB controller
2049  |Info:    [Razer Mouse Dock Chroma] Registering RGB controller
2049  |Info:    ------------------------------------------------------
2049  |Info:    |              Detecting other devices               |
2049  |Info:    ------------------------------------------------------
2058  |Info:    ------------------------------------------------------
2058  |Info:    |                Detection completed                 |
2058  |Info:    ------------------------------------------------------
26084 |Info:    Found file: Dark.orp attempting to validate header
26084 |Info:    Valid v3 profile found for Dark
28703 |Info:    Profile loading: Succeeded for ENE DRAM @ I2C: /dev/i2c-6, address 0x70
28703 |Info:    Profile loading: Succeeded for ENE DRAM @ I2C: /dev/i2c-6, address 0x72
28703 |Info:    Profile loading: Succeeded for ASUS ROG CROSSHAIR VIII IMPACT @ HID: /dev/hidraw2
28703 |Info:    Profile loading: Succeeded for Razer Viper Ultimate (Wireless) @ HID: /dev/hidraw3
28703 |Info:    Profile loading: Succeeded for Razer Mouse Dock Chroma @ HID: /dev/hidraw4
46103 |Info:    Found file: Dark.orp attempting to validate header
46103 |Info:    Valid v3 profile found for Dark
46103 |Info:    Found file: Light.orp attempting to validate header
46103 |Info:    Valid v3 profile found for Light
67231 |Info:    Profile loading: Succeeded for ENE DRAM @ I2C: /dev/i2c-6, address 0x70
67231 |Info:    Profile loading: Succeeded for ENE DRAM @ I2C: /dev/i2c-6, address 0x72
67231 |Info:    Profile loading: Succeeded for ASUS ROG CROSSHAIR VIII IMPACT @ HID: /dev/hidraw2
67231 |Info:    Profile loading: Succeeded for Razer Viper Ultimate (Wireless) @ HID: /dev/hidraw3
67231 |Info:    Profile loading: Succeeded for Razer Mouse Dock Chroma @ HID: /dev/hidraw4
