    OpenRGB v0.7
    Commit:  from 
    Launched: 20220702_014558
====================================================================================================

0     |Info:    Found file: Dark.orp attempting to validate header
0     |Info:    Valid v3 profile found for Dark
0     |Info:    Found file: Light.orp attempting to validate header
0     |Info:    Valid v3 profile found for Light
1001  |Info:    ------------------------------------------------------
1001  |Info:    |               Start device detection               |
1001  |Info:    ------------------------------------------------------
1001  |Info:    Initializing HID interfaces: Success
1006  |Info:    ------------------------------------------------------
1006  |Info:    |             Detecting I2C interfaces               |
1006  |Info:    ------------------------------------------------------
1006  |Info:    Registering I2C interface: /dev/i2c-3 Device 10DE:1B06 Subsystem: 10DE:120F
1006  |Info:    Registering I2C interface: /dev/i2c-1 Device 10DE:1B06 Subsystem: 10DE:120F
1006  |Info:    Registering I2C interface: /dev/i2c-8 Device 1022:790B Subsystem: 1043:87C0
1006  |Info:    Registering I2C interface: /dev/i2c-6 Device 1022:790B Subsystem: 1043:87C0
1007  |Info:    Registering I2C interface: /dev/i2c-4 Device 10DE:1B06 Subsystem: 10DE:120F
1007  |Info:    Registering I2C interface: /dev/i2c-2 Device 10DE:1B06 Subsystem: 10DE:120F
1007  |Info:    Registering I2C interface: /dev/i2c-0 Device 10DE:1B06 Subsystem: 10DE:120F
1007  |Info:    Registering I2C interface: /dev/i2c-7 Device 1022:790B Subsystem: 1043:87C0
1007  |Info:    Registering I2C interface: /dev/i2c-5 Device 10DE:1B06 Subsystem: 10DE:120F
1007  |Info:    ------------------------------------------------------
1007  |Info:    |               Detecting I2C devices                |
1007  |Info:    ------------------------------------------------------
1080  |Info:    Loading plugins
1209  |Info:    [ENE DRAM] Registering RGB controller
1344  |Info:    [ENE DRAM] Registering RGB controller
1949  |Info:    ------------------------------------------------------
1949  |Info:    |               Detecting HID devices                |
1949  |Info:    ------------------------------------------------------
2028  |Info:    [ASUS ROG CROSSHAIR VIII IMPACT] Registering RGB controller
2040  |Info:    [Razer Viper Ultimate (Wireless)] Registering RGB controller
2052  |Info:    [Razer Mouse Dock Chroma] Registering RGB controller
2052  |Info:    ------------------------------------------------------
2052  |Info:    |              Detecting other devices               |
2052  |Info:    ------------------------------------------------------
2060  |Info:    ------------------------------------------------------
2060  |Info:    |                Detection completed                 |
2060  |Info:    ------------------------------------------------------
3752  |Info:    Profile loading: Succeeded for ENE DRAM @ I2C: /dev/i2c-6, address 0x70
3752  |Info:    Profile loading: Succeeded for ENE DRAM @ I2C: /dev/i2c-6, address 0x72
3752  |Info:    Profile loading: Succeeded for ASUS ROG CROSSHAIR VIII IMPACT @ HID: /dev/hidraw2
3752  |Info:    Profile loading: Succeeded for Razer Viper Ultimate (Wireless) @ HID: /dev/hidraw3
3752  |Info:    Profile loading: Succeeded for Razer Mouse Dock Chroma @ HID: /dev/hidraw5
